<?xml version="1.0" encoding="UTF-8"?>
<!-- Generated by org.testng.reporters.JUnitXMLReporter -->
<testsuite hostname="THIRUPATHI-PC" ignored="0" name="Default test" tests="2" failures="0" timestamp="14 Dec 2018 02:11:24 GMT" time="33.271" errors="0">
  <testcase name="loginPageTest" time="32.586" classname="com.extramarks.website.TestCases.LoginPageTest"/>
  <testcase name="pageLogo" time="0.58" classname="com.extramarks.website.TestCases.LoginPageTest"/>
</testsuite> <!-- Default test -->
